2015-08-31 18:05:10,630 [ModalContext] INFO  o.e.m.c.i.e.AbstractTransferListenerAdapter - Downloading http://repo.maven.apache.org/maven2/org/apache/maven/archetypes/maven-archetype-quickstart/maven-metadata.xml
2015-08-31 18:05:10,762 [ModalContext] INFO  o.e.m.c.i.e.AbstractTransferListenerAdapter - Downloaded http://repo.maven.apache.org/maven2/org/apache/maven/archetypes/maven-archetype-quickstart/maven-metadata.xml
2015-08-31 18:05:10,836 [ModalContext] INFO  o.e.m.c.i.e.AbstractTransferListenerAdapter - Downloading http://repo.maven.apache.org/maven2/org/apache/maven/archetypes/maven-archetype-quickstart/1.1/maven-archetype-quickstart-1.1.jar
2015-08-31 18:05:10,975 [ModalContext] INFO  o.e.m.c.i.e.AbstractTransferListenerAdapter - Downloaded http://repo.maven.apache.org/maven2/org/apache/maven/archetypes/maven-archetype-quickstart/1.1/maven-archetype-quickstart-1.1.jar
2015-08-31 18:05:26,129 [Worker-3] INFO  o.e.m.c.i.e.AbstractTransferListenerAdapter - Downloading http://repo.maven.apache.org/maven2/org/apache/maven/archetypes/maven-archetype-quickstart/1.1/maven-archetype-quickstart-1.1.pom
2015-08-31 18:05:26,436 [Worker-3] INFO  o.e.m.c.i.e.AbstractTransferListenerAdapter - Downloaded http://repo.maven.apache.org/maven2/org/apache/maven/archetypes/maven-archetype-quickstart/1.1/maven-archetype-quickstart-1.1.pom
2015-08-31 18:05:26,465 [pool-2-thread-1] INFO  o.e.m.c.i.e.AbstractTransferListenerAdapter - Downloaded file:///home/np/.m2/repository/org/apache/maven/archetypes/maven-archetype-quickstart/1.1/maven-archetype-quickstart-1.1.jar
2015-08-31 18:05:26,495 [Worker-3] INFO  o.e.m.c.i.p.ProjectConfigurationManager - Collecting project info '/pom.xml' /home/np/workspace/summer_school_etienne/dbpedia_execution/pom.xml
2015-08-31 18:05:27,399 [Worker-3] INFO  o.e.m.c.i.l.LifecycleMappingFactory - Using org.eclipse.m2e.jdt.JarLifecycleMapping lifecycle mapping for MavenProject: etienne:dbpedia_execution:0.0.1-SNAPSHOT @ /home/np/workspace/summer_school_etienne/dbpedia_execution/pom.xml.
2015-08-31 18:05:27,645 [Worker-3] INFO  o.e.m.j.i.AbstractJavaProjectConfigurator - Adding source folder /dbpedia_execution/src/main/java
2015-08-31 18:05:27,648 [Worker-3] INFO  o.e.m.j.i.AbstractJavaProjectConfigurator - Adding source folder /dbpedia_execution/src/test/java
2015-08-31 18:05:27,748 [Worker-3] INFO  o.e.m.c.i.p.ProjectConfigurationManager - Imported and configured 1 project(s) in 1 sec
2015-08-31 18:05:28,172 [Worker-3] INFO  o.e.m.c.i.l.LifecycleMappingFactory - Using org.eclipse.m2e.jdt.JarLifecycleMapping lifecycle mapping for MavenProject: etienne:dbpedia_execution:0.0.1-SNAPSHOT @ /home/np/workspace/summer_school_etienne/dbpedia_execution/pom.xml.
2015-08-31 18:05:28,260 [Worker-3] INFO  o.e.m.c.i.embedder.EclipseLogger - Using 'UTF-8' encoding to copy filtered resources.
2015-08-31 18:05:28,261 [Worker-3] INFO  o.e.m.c.i.embedder.EclipseLogger - skip non existing resourceDirectory /home/np/workspace/summer_school_etienne/dbpedia_execution/src/main/resources
2015-08-31 18:05:28,264 [Worker-3] INFO  o.e.m.c.i.embedder.EclipseLogger - Using 'UTF-8' encoding to copy filtered resources.
2015-08-31 18:05:28,264 [Worker-3] INFO  o.e.m.c.i.embedder.EclipseLogger - skip non existing resourceDirectory /home/np/workspace/summer_school_etienne/dbpedia_execution/src/test/resources
2015-08-31 18:05:28,634 [Worker-1] INFO  o.e.m.c.i.l.LifecycleMappingFactory - Using org.eclipse.m2e.jdt.JarLifecycleMapping lifecycle mapping for MavenProject: etienne:dbpedia_execution:0.0.1-SNAPSHOT @ /home/np/workspace/summer_school_etienne/dbpedia_execution/pom.xml.
2015-08-31 18:05:29,352 [Worker-4] INFO  o.e.m.c.i.embedder.EclipseLogger - Using 'UTF-8' encoding to copy filtered resources.
2015-08-31 18:05:29,352 [Worker-4] INFO  o.e.m.c.i.embedder.EclipseLogger - skip non existing resourceDirectory /home/np/workspace/summer_school_etienne/dbpedia_execution/src/main/resources
2015-08-31 18:05:29,353 [Worker-4] INFO  o.e.m.c.i.embedder.EclipseLogger - Using 'UTF-8' encoding to copy filtered resources.
2015-08-31 18:05:29,354 [Worker-4] INFO  o.e.m.c.i.embedder.EclipseLogger - skip non existing resourceDirectory /home/np/workspace/summer_school_etienne/dbpedia_execution/src/test/resources
2015-08-31 18:06:18,272 [Worker-1] INFO  o.e.m.c.i.l.LifecycleMappingFactory - Using org.eclipse.m2e.jdt.JarLifecycleMapping lifecycle mapping for MavenProject: etienne:dbpedia_execution:0.0.1-SNAPSHOT @ /home/np/workspace/summer_school_etienne/dbpedia_execution/pom.xml.
2015-08-31 18:06:18,536 [Worker-1] INFO  o.e.m.c.i.embedder.EclipseLogger - Using 'UTF-8' encoding to copy filtered resources.
2015-08-31 18:06:18,536 [Worker-1] INFO  o.e.m.c.i.embedder.EclipseLogger - skip non existing resourceDirectory /home/np/workspace/summer_school_etienne/dbpedia_execution/src/main/resources
2015-08-31 18:06:18,538 [Worker-1] INFO  o.e.m.c.i.embedder.EclipseLogger - Using 'UTF-8' encoding to copy filtered resources.
2015-08-31 18:06:18,538 [Worker-1] INFO  o.e.m.c.i.embedder.EclipseLogger - skip non existing resourceDirectory /home/np/workspace/summer_school_etienne/dbpedia_execution/src/test/resources
2015-08-31 18:06:19,913 [Worker-5] INFO  o.e.m.c.i.embedder.EclipseLogger - Using 'UTF-8' encoding to copy filtered resources.
2015-08-31 18:06:19,913 [Worker-5] INFO  o.e.m.c.i.embedder.EclipseLogger - skip non existing resourceDirectory /home/np/workspace/summer_school_etienne/dbpedia_execution/src/main/resources
2015-08-31 18:06:19,915 [Worker-5] INFO  o.e.m.c.i.embedder.EclipseLogger - Using 'UTF-8' encoding to copy filtered resources.
2015-08-31 18:06:19,916 [Worker-5] INFO  o.e.m.c.i.embedder.EclipseLogger - skip non existing resourceDirectory /home/np/workspace/summer_school_etienne/dbpedia_execution/src/test/resources
2015-08-31 18:06:25,383 [Worker-0] INFO  o.e.m.c.i.embedder.EclipseLogger - Using 'UTF-8' encoding to copy filtered resources.
2015-08-31 18:06:25,383 [Worker-0] INFO  o.e.m.c.i.embedder.EclipseLogger - skip non existing resourceDirectory /home/np/workspace/summer_school_etienne/dbpedia_execution/src/main/resources
2015-08-31 18:06:25,386 [Worker-0] INFO  o.e.m.c.i.embedder.EclipseLogger - Using 'UTF-8' encoding to copy filtered resources.
2015-08-31 18:06:25,387 [Worker-0] INFO  o.e.m.c.i.embedder.EclipseLogger - skip non existing resourceDirectory /home/np/workspace/summer_school_etienne/dbpedia_execution/src/test/resources
2015-08-31 18:06:44,352 [Worker-4] INFO  o.e.m.c.i.embedder.EclipseLogger - Using 'UTF-8' encoding to copy filtered resources.
2015-08-31 18:06:44,352 [Worker-4] INFO  o.e.m.c.i.embedder.EclipseLogger - skip non existing resourceDirectory /home/np/workspace/summer_school_etienne/dbpedia_execution/src/main/resources
2015-08-31 18:06:44,354 [Worker-4] INFO  o.e.m.c.i.embedder.EclipseLogger - Using 'UTF-8' encoding to copy filtered resources.
2015-08-31 18:06:44,354 [Worker-4] INFO  o.e.m.c.i.embedder.EclipseLogger - skip non existing resourceDirectory /home/np/workspace/summer_school_etienne/dbpedia_execution/src/test/resources
2015-08-31 18:07:11,003 [Worker-1] INFO  o.e.m.c.i.embedder.EclipseLogger - Using 'UTF-8' encoding to copy filtered resources.
2015-08-31 18:07:11,003 [Worker-1] INFO  o.e.m.c.i.embedder.EclipseLogger - skip non existing resourceDirectory /home/np/workspace/summer_school_etienne/dbpedia_execution/src/main/resources
2015-08-31 18:07:11,005 [Worker-1] INFO  o.e.m.c.i.embedder.EclipseLogger - Using 'UTF-8' encoding to copy filtered resources.
2015-08-31 18:07:11,005 [Worker-1] INFO  o.e.m.c.i.embedder.EclipseLogger - skip non existing resourceDirectory /home/np/workspace/summer_school_etienne/dbpedia_execution/src/test/resources
2015-08-31 18:07:50,310 [Worker-2] INFO  o.e.m.c.i.embedder.EclipseLogger - Using 'UTF-8' encoding to copy filtered resources.
2015-08-31 18:07:50,310 [Worker-2] INFO  o.e.m.c.i.embedder.EclipseLogger - skip non existing resourceDirectory /home/np/workspace/summer_school_etienne/dbpedia_execution/src/main/resources
2015-08-31 18:07:50,313 [Worker-2] INFO  o.e.m.c.i.embedder.EclipseLogger - Using 'UTF-8' encoding to copy filtered resources.
2015-08-31 18:07:50,313 [Worker-2] INFO  o.e.m.c.i.embedder.EclipseLogger - skip non existing resourceDirectory /home/np/workspace/summer_school_etienne/dbpedia_execution/src/test/resources
2015-08-31 18:08:01,129 [Worker-3] INFO  o.e.m.c.i.embedder.EclipseLogger - Using 'UTF-8' encoding to copy filtered resources.
2015-08-31 18:08:01,130 [Worker-3] INFO  o.e.m.c.i.embedder.EclipseLogger - skip non existing resourceDirectory /home/np/workspace/summer_school_etienne/dbpedia_execution/src/main/resources
2015-08-31 18:08:01,131 [Worker-3] INFO  o.e.m.c.i.embedder.EclipseLogger - Using 'UTF-8' encoding to copy filtered resources.
2015-08-31 18:08:01,131 [Worker-3] INFO  o.e.m.c.i.embedder.EclipseLogger - skip non existing resourceDirectory /home/np/workspace/summer_school_etienne/dbpedia_execution/src/test/resources
2015-08-31 18:09:32,279 [Worker-5] INFO  o.e.m.c.i.embedder.EclipseLogger - Using 'UTF-8' encoding to copy filtered resources.
2015-08-31 18:09:32,280 [Worker-5] INFO  o.e.m.c.i.embedder.EclipseLogger - skip non existing resourceDirectory /home/np/workspace/summer_school_etienne/dbpedia_execution/src/main/resources
2015-08-31 18:09:32,281 [Worker-5] INFO  o.e.m.c.i.embedder.EclipseLogger - Using 'UTF-8' encoding to copy filtered resources.
2015-08-31 18:09:32,282 [Worker-5] INFO  o.e.m.c.i.embedder.EclipseLogger - skip non existing resourceDirectory /home/np/workspace/summer_school_etienne/dbpedia_execution/src/test/resources
2015-08-31 18:09:53,259 [Worker-0] INFO  o.e.m.c.i.embedder.EclipseLogger - Using 'UTF-8' encoding to copy filtered resources.
2015-08-31 18:09:53,260 [Worker-0] INFO  o.e.m.c.i.embedder.EclipseLogger - skip non existing resourceDirectory /home/np/workspace/summer_school_etienne/dbpedia_execution/src/main/resources
2015-08-31 18:09:53,261 [Worker-0] INFO  o.e.m.c.i.embedder.EclipseLogger - Using 'UTF-8' encoding to copy filtered resources.
2015-08-31 18:09:53,261 [Worker-0] INFO  o.e.m.c.i.embedder.EclipseLogger - skip non existing resourceDirectory /home/np/workspace/summer_school_etienne/dbpedia_execution/src/test/resources
2015-08-31 18:11:04,349 [Worker-2] INFO  o.e.m.c.i.embedder.EclipseLogger - Using 'UTF-8' encoding to copy filtered resources.
2015-08-31 18:11:04,349 [Worker-2] INFO  o.e.m.c.i.embedder.EclipseLogger - skip non existing resourceDirectory /home/np/workspace/summer_school_etienne/dbpedia_execution/src/main/resources
2015-08-31 18:11:04,351 [Worker-2] INFO  o.e.m.c.i.embedder.EclipseLogger - Using 'UTF-8' encoding to copy filtered resources.
2015-08-31 18:11:04,351 [Worker-2] INFO  o.e.m.c.i.embedder.EclipseLogger - skip non existing resourceDirectory /home/np/workspace/summer_school_etienne/dbpedia_execution/src/test/resources
2015-08-31 18:11:21,432 [Worker-2] INFO  o.e.m.c.i.embedder.EclipseLogger - Using 'UTF-8' encoding to copy filtered resources.
2015-08-31 18:11:21,432 [Worker-2] INFO  o.e.m.c.i.embedder.EclipseLogger - skip non existing resourceDirectory /home/np/workspace/summer_school_etienne/dbpedia_execution/src/main/resources
2015-08-31 18:11:21,433 [Worker-2] INFO  o.e.m.c.i.embedder.EclipseLogger - Using 'UTF-8' encoding to copy filtered resources.
2015-08-31 18:11:21,434 [Worker-2] INFO  o.e.m.c.i.embedder.EclipseLogger - skip non existing resourceDirectory /home/np/workspace/summer_school_etienne/dbpedia_execution/src/test/resources
2015-08-31 18:11:38,730 [Worker-2] INFO  o.e.m.c.i.embedder.EclipseLogger - Using 'UTF-8' encoding to copy filtered resources.
2015-08-31 18:11:38,731 [Worker-2] INFO  o.e.m.c.i.embedder.EclipseLogger - skip non existing resourceDirectory /home/np/workspace/summer_school_etienne/dbpedia_execution/src/main/resources
2015-08-31 18:11:38,732 [Worker-2] INFO  o.e.m.c.i.embedder.EclipseLogger - Using 'UTF-8' encoding to copy filtered resources.
2015-08-31 18:11:38,732 [Worker-2] INFO  o.e.m.c.i.embedder.EclipseLogger - skip non existing resourceDirectory /home/np/workspace/summer_school_etienne/dbpedia_execution/src/test/resources
2015-08-31 18:11:59,177 [Worker-1] INFO  o.e.m.c.i.embedder.EclipseLogger - Using 'UTF-8' encoding to copy filtered resources.
2015-08-31 18:11:59,177 [Worker-1] INFO  o.e.m.c.i.embedder.EclipseLogger - skip non existing resourceDirectory /home/np/workspace/summer_school_etienne/dbpedia_execution/src/main/resources
2015-08-31 18:11:59,178 [Worker-1] INFO  o.e.m.c.i.embedder.EclipseLogger - Using 'UTF-8' encoding to copy filtered resources.
2015-08-31 18:11:59,178 [Worker-1] INFO  o.e.m.c.i.embedder.EclipseLogger - skip non existing resourceDirectory /home/np/workspace/summer_school_etienne/dbpedia_execution/src/test/resources
2015-08-31 18:12:37,591 [Worker-4] INFO  o.e.m.c.i.embedder.EclipseLogger - Using 'UTF-8' encoding to copy filtered resources.
2015-08-31 18:12:37,591 [Worker-4] INFO  o.e.m.c.i.embedder.EclipseLogger - skip non existing resourceDirectory /home/np/workspace/summer_school_etienne/dbpedia_execution/src/main/resources
2015-08-31 18:12:37,594 [Worker-4] INFO  o.e.m.c.i.embedder.EclipseLogger - Using 'UTF-8' encoding to copy filtered resources.
2015-08-31 18:12:37,594 [Worker-4] INFO  o.e.m.c.i.embedder.EclipseLogger - skip non existing resourceDirectory /home/np/workspace/summer_school_etienne/dbpedia_execution/src/test/resources
2015-08-31 18:12:52,193 [Worker-1] INFO  o.e.m.c.i.embedder.EclipseLogger - Using 'UTF-8' encoding to copy filtered resources.
2015-08-31 18:12:52,194 [Worker-1] INFO  o.e.m.c.i.embedder.EclipseLogger - skip non existing resourceDirectory /home/np/workspace/summer_school_etienne/dbpedia_execution/src/main/resources
2015-08-31 18:12:52,195 [Worker-1] INFO  o.e.m.c.i.embedder.EclipseLogger - Using 'UTF-8' encoding to copy filtered resources.
2015-08-31 18:12:52,195 [Worker-1] INFO  o.e.m.c.i.embedder.EclipseLogger - skip non existing resourceDirectory /home/np/workspace/summer_school_etienne/dbpedia_execution/src/test/resources
2015-08-31 18:13:42,317 [Worker-4] INFO  o.e.m.c.i.embedder.EclipseLogger - Using 'UTF-8' encoding to copy filtered resources.
2015-08-31 18:13:42,317 [Worker-4] INFO  o.e.m.c.i.embedder.EclipseLogger - skip non existing resourceDirectory /home/np/workspace/summer_school_etienne/dbpedia_execution/src/main/resources
2015-08-31 18:13:42,318 [Worker-4] INFO  o.e.m.c.i.embedder.EclipseLogger - Using 'UTF-8' encoding to copy filtered resources.
2015-08-31 18:13:42,319 [Worker-4] INFO  o.e.m.c.i.embedder.EclipseLogger - skip non existing resourceDirectory /home/np/workspace/summer_school_etienne/dbpedia_execution/src/test/resources
2015-08-31 18:16:00,255 [Worker-0] INFO  o.e.m.c.i.l.LifecycleMappingFactory - Using org.eclipse.m2e.jdt.JarLifecycleMapping lifecycle mapping for MavenProject: etienne:dbpedia_execution:0.0.1-SNAPSHOT @ /home/np/workspace/summer_school_etienne/dbpedia_execution/pom.xml.
2015-08-31 18:16:00,597 [Worker-0] INFO  o.e.m.c.i.e.AbstractTransferListenerAdapter - Downloading http://repo.maven.apache.org/maven2/org/apache/jena/apache-jena-libs/3.0.0/apache-jena-libs-3.0.0.pom
2015-08-31 18:16:01,022 [Worker-0] INFO  o.e.m.c.i.e.AbstractTransferListenerAdapter - Downloaded http://repo.maven.apache.org/maven2/org/apache/jena/apache-jena-libs/3.0.0/apache-jena-libs-3.0.0.pom
2015-08-31 18:16:01,266 [Worker-0] INFO  o.e.m.c.i.e.AbstractTransferListenerAdapter - Downloading http://repo.maven.apache.org/maven2/org/apache/jena/jena-parent/14/jena-parent-14.pom
2015-08-31 18:16:01,796 [Worker-0] INFO  o.e.m.c.i.e.AbstractTransferListenerAdapter - Downloaded http://repo.maven.apache.org/maven2/org/apache/jena/jena-parent/14/jena-parent-14.pom
2015-08-31 18:16:01,951 [Worker-0] INFO  o.e.m.c.i.e.AbstractTransferListenerAdapter - Downloading http://repo.maven.apache.org/maven2/org/apache/jena/jena-tdb/3.0.0/jena-tdb-3.0.0.pom
2015-08-31 18:16:02,376 [Worker-0] INFO  o.e.m.c.i.e.AbstractTransferListenerAdapter - Downloaded http://repo.maven.apache.org/maven2/org/apache/jena/jena-tdb/3.0.0/jena-tdb-3.0.0.pom
2015-08-31 18:16:02,487 [Worker-0] INFO  o.e.m.c.i.e.AbstractTransferListenerAdapter - Downloading http://repo.maven.apache.org/maven2/org/apache/jena/jena-arq/3.0.0/jena-arq-3.0.0.pom
2015-08-31 18:16:02,796 [Worker-0] INFO  o.e.m.c.i.e.AbstractTransferListenerAdapter - Downloaded http://repo.maven.apache.org/maven2/org/apache/jena/jena-arq/3.0.0/jena-arq-3.0.0.pom
2015-08-31 18:16:03,108 [Worker-0] INFO  o.e.m.c.i.e.AbstractTransferListenerAdapter - Downloading http://repo.maven.apache.org/maven2/org/apache/jena/jena-core/3.0.0/jena-core-3.0.0.pom
2015-08-31 18:16:03,519 [Worker-0] INFO  o.e.m.c.i.e.AbstractTransferListenerAdapter - Downloaded http://repo.maven.apache.org/maven2/org/apache/jena/jena-core/3.0.0/jena-core-3.0.0.pom
2015-08-31 18:16:03,825 [Worker-0] INFO  o.e.m.c.i.e.AbstractTransferListenerAdapter - Downloading http://repo.maven.apache.org/maven2/org/slf4j/slf4j-api/1.7.12/slf4j-api-1.7.12.pom
2015-08-31 18:16:04,337 [Worker-0] INFO  o.e.m.c.i.e.AbstractTransferListenerAdapter - Downloaded http://repo.maven.apache.org/maven2/org/slf4j/slf4j-api/1.7.12/slf4j-api-1.7.12.pom
2015-08-31 18:16:04,544 [Worker-0] INFO  o.e.m.c.i.e.AbstractTransferListenerAdapter - Downloading http://repo.maven.apache.org/maven2/org/slf4j/slf4j-parent/1.7.12/slf4j-parent-1.7.12.pom
2015-08-31 18:16:04,710 [Worker-0] INFO  o.e.m.c.i.e.AbstractTransferListenerAdapter - Downloaded http://repo.maven.apache.org/maven2/org/slf4j/slf4j-parent/1.7.12/slf4j-parent-1.7.12.pom
2015-08-31 18:16:04,954 [Worker-0] INFO  o.e.m.c.i.e.AbstractTransferListenerAdapter - Downloading http://repo.maven.apache.org/maven2/org/apache/jena/jena-iri/3.0.0/jena-iri-3.0.0.pom
2015-08-31 18:16:05,362 [Worker-0] INFO  o.e.m.c.i.e.AbstractTransferListenerAdapter - Downloaded http://repo.maven.apache.org/maven2/org/apache/jena/jena-iri/3.0.0/jena-iri-3.0.0.pom
2015-08-31 18:16:05,567 [Worker-0] INFO  o.e.m.c.i.e.AbstractTransferListenerAdapter - Downloading http://repo.maven.apache.org/maven2/org/slf4j/slf4j-log4j12/1.7.12/slf4j-log4j12-1.7.12.pom
2015-08-31 18:16:05,874 [Worker-0] INFO  o.e.m.c.i.e.AbstractTransferListenerAdapter - Downloaded http://repo.maven.apache.org/maven2/org/slf4j/slf4j-log4j12/1.7.12/slf4j-log4j12-1.7.12.pom
2015-08-31 18:16:05,986 [Worker-0] INFO  o.e.m.c.i.e.AbstractTransferListenerAdapter - Downloading http://repo.maven.apache.org/maven2/commons-cli/commons-cli/1.3/commons-cli-1.3.pom
2015-08-31 18:16:06,384 [Worker-0] INFO  o.e.m.c.i.e.AbstractTransferListenerAdapter - Downloaded http://repo.maven.apache.org/maven2/commons-cli/commons-cli/1.3/commons-cli-1.3.pom
2015-08-31 18:16:06,589 [Worker-0] INFO  o.e.m.c.i.e.AbstractTransferListenerAdapter - Downloading http://repo.maven.apache.org/maven2/org/apache/commons/commons-parent/37/commons-parent-37.pom
2015-08-31 18:16:07,003 [Worker-0] INFO  o.e.m.c.i.e.AbstractTransferListenerAdapter - Downloaded http://repo.maven.apache.org/maven2/org/apache/commons/commons-parent/37/commons-parent-37.pom
2015-08-31 18:16:07,106 [Worker-0] INFO  o.e.m.c.i.e.AbstractTransferListenerAdapter - Downloading http://repo.maven.apache.org/maven2/org/apache/jena/jena-base/3.0.0/jena-base-3.0.0.pom
2015-08-31 18:16:07,512 [Worker-0] INFO  o.e.m.c.i.e.AbstractTransferListenerAdapter - Downloaded http://repo.maven.apache.org/maven2/org/apache/jena/jena-base/3.0.0/jena-base-3.0.0.pom
2015-08-31 18:16:07,718 [Worker-0] INFO  o.e.m.c.i.e.AbstractTransferListenerAdapter - Downloading http://repo.maven.apache.org/maven2/org/apache/jena/jena-shaded-guava/3.0.0/jena-shaded-guava-3.0.0.pom
2015-08-31 18:16:08,127 [Worker-0] INFO  o.e.m.c.i.e.AbstractTransferListenerAdapter - Downloaded http://repo.maven.apache.org/maven2/org/apache/jena/jena-shaded-guava/3.0.0/jena-shaded-guava-3.0.0.pom
2015-08-31 18:16:08,433 [Worker-0] INFO  o.e.m.c.i.e.AbstractTransferListenerAdapter - Downloading http://repo.maven.apache.org/maven2/org/slf4j/jcl-over-slf4j/1.7.12/jcl-over-slf4j-1.7.12.pom
2015-08-31 18:16:08,735 [Worker-0] INFO  o.e.m.c.i.e.AbstractTransferListenerAdapter - Downloaded http://repo.maven.apache.org/maven2/org/slf4j/jcl-over-slf4j/1.7.12/jcl-over-slf4j-1.7.12.pom
2015-08-31 18:16:08,976 [Worker-0] INFO  o.e.m.c.i.e.AbstractTransferListenerAdapter - Downloading http://repo.maven.apache.org/maven2/org/apache/jena/jena-tdb/3.0.0/jena-tdb-3.0.0.jar
2015-08-31 18:16:09,993 [Worker-0] INFO  o.e.m.c.i.e.AbstractTransferListenerAdapter - Downloaded http://repo.maven.apache.org/maven2/org/apache/jena/jena-tdb/3.0.0/jena-tdb-3.0.0.jar
2015-08-31 18:16:10,788 [Worker-0] INFO  o.e.m.c.i.e.AbstractTransferListenerAdapter - Downloading http://repo.maven.apache.org/maven2/org/apache/jena/jena-arq/3.0.0/jena-arq-3.0.0.jar
2015-08-31 18:16:14,475 [Worker-0] INFO  o.e.m.c.i.e.AbstractTransferListenerAdapter - Downloaded http://repo.maven.apache.org/maven2/org/apache/jena/jena-arq/3.0.0/jena-arq-3.0.0.jar
2015-08-31 18:16:14,703 [Worker-0] INFO  o.e.m.c.i.e.AbstractTransferListenerAdapter - Downloading http://repo.maven.apache.org/maven2/org/apache/jena/jena-core/3.0.0/jena-core-3.0.0.jar
2015-08-31 18:16:18,242 [Worker-0] INFO  o.e.m.c.i.e.AbstractTransferListenerAdapter - Downloaded http://repo.maven.apache.org/maven2/org/apache/jena/jena-core/3.0.0/jena-core-3.0.0.jar
2015-08-31 18:16:18,348 [Worker-0] INFO  o.e.m.c.i.e.AbstractTransferListenerAdapter - Downloading http://repo.maven.apache.org/maven2/org/apache/jena/jena-iri/3.0.0/jena-iri-3.0.0.jar
2015-08-31 18:16:18,980 [Worker-0] INFO  o.e.m.c.i.e.AbstractTransferListenerAdapter - Downloaded http://repo.maven.apache.org/maven2/org/apache/jena/jena-iri/3.0.0/jena-iri-3.0.0.jar
2015-08-31 18:16:19,193 [Worker-0] INFO  o.e.m.c.i.e.AbstractTransferListenerAdapter - Downloading http://repo.maven.apache.org/maven2/commons-cli/commons-cli/1.3/commons-cli-1.3.jar
2015-08-31 18:16:19,697 [Worker-0] INFO  o.e.m.c.i.e.AbstractTransferListenerAdapter - Downloaded http://repo.maven.apache.org/maven2/commons-cli/commons-cli/1.3/commons-cli-1.3.jar
2015-08-31 18:16:19,914 [Worker-0] INFO  o.e.m.c.i.e.AbstractTransferListenerAdapter - Downloading http://repo.maven.apache.org/maven2/org/apache/jena/jena-base/3.0.0/jena-base-3.0.0.jar
2015-08-31 18:16:20,700 [Worker-0] INFO  o.e.m.c.i.e.AbstractTransferListenerAdapter - Downloaded http://repo.maven.apache.org/maven2/org/apache/jena/jena-base/3.0.0/jena-base-3.0.0.jar
2015-08-31 18:16:21,027 [Worker-0] INFO  o.e.m.c.i.e.AbstractTransferListenerAdapter - Downloading http://repo.maven.apache.org/maven2/org/apache/jena/jena-shaded-guava/3.0.0/jena-shaded-guava-3.0.0.jar
2015-08-31 18:16:27,276 [Worker-0] INFO  o.e.m.c.i.e.AbstractTransferListenerAdapter - Downloaded http://repo.maven.apache.org/maven2/org/apache/jena/jena-shaded-guava/3.0.0/jena-shaded-guava-3.0.0.jar
2015-08-31 18:16:27,390 [Worker-0] INFO  o.e.m.c.i.e.AbstractTransferListenerAdapter - Downloading http://repo.maven.apache.org/maven2/org/slf4j/jcl-over-slf4j/1.7.12/jcl-over-slf4j-1.7.12.jar
2015-08-31 18:16:27,643 [Worker-0] INFO  o.e.m.c.i.e.AbstractTransferListenerAdapter - Downloaded http://repo.maven.apache.org/maven2/org/slf4j/jcl-over-slf4j/1.7.12/jcl-over-slf4j-1.7.12.jar
2015-08-31 18:16:27,889 [Worker-0] INFO  o.e.m.c.i.e.AbstractTransferListenerAdapter - Downloading http://repo.maven.apache.org/maven2/org/slf4j/slf4j-api/1.7.12/slf4j-api-1.7.12.jar
2015-08-31 18:16:28,075 [Worker-0] INFO  o.e.m.c.i.e.AbstractTransferListenerAdapter - Downloaded http://repo.maven.apache.org/maven2/org/slf4j/slf4j-api/1.7.12/slf4j-api-1.7.12.jar
2015-08-31 18:16:28,179 [Worker-0] INFO  o.e.m.c.i.e.AbstractTransferListenerAdapter - Downloading http://repo.maven.apache.org/maven2/org/slf4j/slf4j-log4j12/1.7.12/slf4j-log4j12-1.7.12.jar
2015-08-31 18:16:28,606 [Worker-0] INFO  o.e.m.c.i.e.AbstractTransferListenerAdapter - Downloaded http://repo.maven.apache.org/maven2/org/slf4j/slf4j-log4j12/1.7.12/slf4j-log4j12-1.7.12.jar
2015-08-31 18:16:28,902 [Worker-0] INFO  o.e.m.c.i.embedder.EclipseLogger - Using 'UTF-8' encoding to copy filtered resources.
2015-08-31 18:16:28,902 [Worker-0] INFO  o.e.m.c.i.embedder.EclipseLogger - skip non existing resourceDirectory /home/np/workspace/summer_school_etienne/dbpedia_execution/src/main/resources
2015-08-31 18:16:28,903 [Worker-0] INFO  o.e.m.c.i.embedder.EclipseLogger - Using 'UTF-8' encoding to copy filtered resources.
2015-08-31 18:16:28,903 [Worker-0] INFO  o.e.m.c.i.embedder.EclipseLogger - skip non existing resourceDirectory /home/np/workspace/summer_school_etienne/dbpedia_execution/src/test/resources
2015-08-31 18:16:30,271 [Worker-1] INFO  o.e.m.c.i.embedder.EclipseLogger - Using 'UTF-8' encoding to copy filtered resources.
2015-08-31 18:16:30,271 [Worker-1] INFO  o.e.m.c.i.embedder.EclipseLogger - skip non existing resourceDirectory /home/np/workspace/summer_school_etienne/dbpedia_execution/src/main/resources
2015-08-31 18:16:30,273 [Worker-1] INFO  o.e.m.c.i.embedder.EclipseLogger - Using 'UTF-8' encoding to copy filtered resources.
2015-08-31 18:16:30,273 [Worker-1] INFO  o.e.m.c.i.embedder.EclipseLogger - skip non existing resourceDirectory /home/np/workspace/summer_school_etienne/dbpedia_execution/src/test/resources
2015-08-31 18:16:33,178 [Worker-2] INFO  o.e.m.c.i.embedder.EclipseLogger - Using 'UTF-8' encoding to copy filtered resources.
2015-08-31 18:16:33,178 [Worker-2] INFO  o.e.m.c.i.embedder.EclipseLogger - skip non existing resourceDirectory /home/np/workspace/summer_school_etienne/dbpedia_execution/src/main/resources
2015-08-31 18:16:33,179 [Worker-2] INFO  o.e.m.c.i.embedder.EclipseLogger - Using 'UTF-8' encoding to copy filtered resources.
2015-08-31 18:16:33,179 [Worker-2] INFO  o.e.m.c.i.embedder.EclipseLogger - skip non existing resourceDirectory /home/np/workspace/summer_school_etienne/dbpedia_execution/src/test/resources
2015-08-31 18:17:14,296 [Worker-7] INFO  o.e.m.c.i.embedder.EclipseLogger - Using 'UTF-8' encoding to copy filtered resources.
2015-08-31 18:17:14,296 [Worker-7] INFO  o.e.m.c.i.embedder.EclipseLogger - skip non existing resourceDirectory /home/np/workspace/summer_school_etienne/dbpedia_execution/src/main/resources
2015-08-31 18:17:14,298 [Worker-7] INFO  o.e.m.c.i.embedder.EclipseLogger - Using 'UTF-8' encoding to copy filtered resources.
2015-08-31 18:17:14,299 [Worker-7] INFO  o.e.m.c.i.embedder.EclipseLogger - skip non existing resourceDirectory /home/np/workspace/summer_school_etienne/dbpedia_execution/src/test/resources
2015-08-31 18:17:23,187 [Worker-1] INFO  o.e.m.c.i.e.AbstractTransferListenerAdapter - Downloading http://repo.maven.apache.org/maven2/org/apache/jena/jena-arq/3.0.0/jena-arq-3.0.0-sources.jar
2015-08-31 18:17:25,848 [Worker-1] INFO  o.e.m.c.i.e.AbstractTransferListenerAdapter - Downloaded http://repo.maven.apache.org/maven2/org/apache/jena/jena-arq/3.0.0/jena-arq-3.0.0-sources.jar
2015-08-31 18:17:25,867 [Worker-1] INFO  o.e.m.j.internal.DownloadSourcesJob - Downloaded sources for org.apache.jena:jena-arq:3.0.0
2015-08-31 18:17:26,060 [Worker-5] INFO  o.e.m.c.i.embedder.EclipseLogger - Using 'UTF-8' encoding to copy filtered resources.
2015-08-31 18:17:26,060 [Worker-5] INFO  o.e.m.c.i.embedder.EclipseLogger - skip non existing resourceDirectory /home/np/workspace/summer_school_etienne/dbpedia_execution/src/main/resources
2015-08-31 18:17:26,062 [Worker-5] INFO  o.e.m.c.i.embedder.EclipseLogger - Using 'UTF-8' encoding to copy filtered resources.
2015-08-31 18:17:26,062 [Worker-5] INFO  o.e.m.c.i.embedder.EclipseLogger - skip non existing resourceDirectory /home/np/workspace/summer_school_etienne/dbpedia_execution/src/test/resources
2015-08-31 18:19:11,293 [Worker-7] INFO  o.e.m.c.i.embedder.EclipseLogger - Using 'UTF-8' encoding to copy filtered resources.
2015-08-31 18:19:11,293 [Worker-7] INFO  o.e.m.c.i.embedder.EclipseLogger - skip non existing resourceDirectory /home/np/workspace/summer_school_etienne/dbpedia_execution/src/main/resources
2015-08-31 18:19:11,295 [Worker-7] INFO  o.e.m.c.i.embedder.EclipseLogger - Using 'UTF-8' encoding to copy filtered resources.
2015-08-31 18:19:11,296 [Worker-7] INFO  o.e.m.c.i.embedder.EclipseLogger - skip non existing resourceDirectory /home/np/workspace/summer_school_etienne/dbpedia_execution/src/test/resources
2015-08-31 18:20:11,878 [Worker-7] INFO  o.e.m.c.i.embedder.EclipseLogger - Using 'UTF-8' encoding to copy filtered resources.
2015-08-31 18:20:11,878 [Worker-7] INFO  o.e.m.c.i.embedder.EclipseLogger - skip non existing resourceDirectory /home/np/workspace/summer_school_etienne/dbpedia_execution/src/main/resources
2015-08-31 18:20:11,879 [Worker-7] INFO  o.e.m.c.i.embedder.EclipseLogger - Using 'UTF-8' encoding to copy filtered resources.
2015-08-31 18:20:11,880 [Worker-7] INFO  o.e.m.c.i.embedder.EclipseLogger - skip non existing resourceDirectory /home/np/workspace/summer_school_etienne/dbpedia_execution/src/test/resources
2015-08-31 18:21:05,987 [Worker-5] INFO  o.e.m.c.i.embedder.EclipseLogger - Using 'UTF-8' encoding to copy filtered resources.
2015-08-31 18:21:05,987 [Worker-5] INFO  o.e.m.c.i.embedder.EclipseLogger - skip non existing resourceDirectory /home/np/workspace/summer_school_etienne/dbpedia_execution/src/main/resources
2015-08-31 18:21:05,988 [Worker-5] INFO  o.e.m.c.i.embedder.EclipseLogger - Using 'UTF-8' encoding to copy filtered resources.
2015-08-31 18:21:05,989 [Worker-5] INFO  o.e.m.c.i.embedder.EclipseLogger - skip non existing resourceDirectory /home/np/workspace/summer_school_etienne/dbpedia_execution/src/test/resources
2015-08-31 18:24:44,493 [Worker-7] INFO  o.e.m.c.i.embedder.EclipseLogger - Using 'UTF-8' encoding to copy filtered resources.
2015-08-31 18:24:44,493 [Worker-7] INFO  o.e.m.c.i.embedder.EclipseLogger - skip non existing resourceDirectory /home/np/workspace/summer_school_etienne/dbpedia_execution/src/main/resources
2015-08-31 18:24:44,494 [Worker-7] INFO  o.e.m.c.i.embedder.EclipseLogger - Using 'UTF-8' encoding to copy filtered resources.
2015-08-31 18:24:44,495 [Worker-7] INFO  o.e.m.c.i.embedder.EclipseLogger - skip non existing resourceDirectory /home/np/workspace/summer_school_etienne/dbpedia_execution/src/test/resources
2015-08-31 18:29:06,124 [Worker-1] INFO  o.e.m.c.i.embedder.EclipseLogger - Using 'UTF-8' encoding to copy filtered resources.
2015-08-31 18:29:06,124 [Worker-1] INFO  o.e.m.c.i.embedder.EclipseLogger - skip non existing resourceDirectory /home/np/workspace/summer_school_etienne/dbpedia_execution/src/main/resources
2015-08-31 18:29:06,125 [Worker-1] INFO  o.e.m.c.i.embedder.EclipseLogger - Using 'UTF-8' encoding to copy filtered resources.
2015-08-31 18:29:06,125 [Worker-1] INFO  o.e.m.c.i.embedder.EclipseLogger - skip non existing resourceDirectory /home/np/workspace/summer_school_etienne/dbpedia_execution/src/test/resources
2015-08-31 18:32:25,714 [Worker-17] INFO  o.e.m.c.i.embedder.EclipseLogger - Using 'UTF-8' encoding to copy filtered resources.
2015-08-31 18:32:25,715 [Worker-17] INFO  o.e.m.c.i.embedder.EclipseLogger - skip non existing resourceDirectory /home/np/workspace/summer_school_etienne/dbpedia_execution/src/main/resources
2015-08-31 18:32:25,716 [Worker-17] INFO  o.e.m.c.i.embedder.EclipseLogger - Using 'UTF-8' encoding to copy filtered resources.
2015-08-31 18:32:25,716 [Worker-17] INFO  o.e.m.c.i.embedder.EclipseLogger - skip non existing resourceDirectory /home/np/workspace/summer_school_etienne/dbpedia_execution/src/test/resources
2015-08-31 18:33:36,430 [Worker-7] INFO  o.e.m.c.i.embedder.EclipseLogger - Using 'UTF-8' encoding to copy filtered resources.
2015-08-31 18:33:36,430 [Worker-7] INFO  o.e.m.c.i.embedder.EclipseLogger - skip non existing resourceDirectory /home/np/workspace/summer_school_etienne/dbpedia_execution/src/main/resources
2015-08-31 18:33:36,430 [Worker-7] INFO  o.e.m.c.i.embedder.EclipseLogger - Using 'UTF-8' encoding to copy filtered resources.
2015-08-31 18:33:36,431 [Worker-7] INFO  o.e.m.c.i.embedder.EclipseLogger - skip non existing resourceDirectory /home/np/workspace/summer_school_etienne/dbpedia_execution/src/test/resources
